[2021-07-23 13:07:14,149] INFO [Controller id=0 epoch=1] Changed partition wordcount-KSTREAM-AGGREGATE-STATE-STORE-0000000004-repartition-0 state from NonExistentPartition to NewPartition with assigned replicas 0 (state.change.logger)
[2021-07-23 13:07:14,151] INFO [Controller id=0 epoch=1] Sending UpdateMetadata request to brokers HashSet() for 0 partitions (state.change.logger)
[2021-07-23 13:07:14,152] INFO [Controller id=0 epoch=1] Sending UpdateMetadata request to brokers HashSet() for 0 partitions (state.change.logger)
[2021-07-23 13:07:14,158] INFO [Controller id=0 epoch=1] Changed partition wordcount-KSTREAM-AGGREGATE-STATE-STORE-0000000004-repartition-0 from NewPartition to OnlinePartition with state LeaderAndIsr(leader=0, leaderEpoch=0, isr=List(0), zkVersion=0) (state.change.logger)
[2021-07-23 13:07:14,158] INFO [Controller id=0 epoch=1] Sending LeaderAndIsr request to broker 0 with 1 become-leader and 0 become-follower partitions (state.change.logger)
[2021-07-23 13:07:14,159] INFO [Controller id=0 epoch=1] Sending UpdateMetadata request to brokers HashSet(0) for 1 partitions (state.change.logger)
[2021-07-23 13:07:14,159] INFO [Controller id=0 epoch=1] Sending UpdateMetadata request to brokers HashSet() for 0 partitions (state.change.logger)
[2021-07-23 13:07:14,163] INFO [Broker id=0] Handling LeaderAndIsr request correlationId 9 from controller 0 for 1 partitions (state.change.logger)
[2021-07-23 13:07:14,165] INFO [Broker id=0] Stopped fetchers as part of LeaderAndIsr request correlationId 9 from controller 0 epoch 1 as part of the become-leader transition for 1 partitions (state.change.logger)
[2021-07-23 13:07:14,185] INFO [Broker id=0] Leader wordcount-KSTREAM-AGGREGATE-STATE-STORE-0000000004-repartition-0 starts at leader epoch 0 from offset 0 with high watermark 0 ISR [0] addingReplicas [] removingReplicas []. Previous leader epoch was -1. (state.change.logger)
[2021-07-23 13:07:14,273] INFO [Broker id=0] Finished LeaderAndIsr request in 110ms correlationId 9 from controller 0 for 1 partitions (state.change.logger)
[2021-07-23 13:07:14,275] INFO [Broker id=0] Add 1 partitions and deleted 0 partitions from metadata cache in response to UpdateMetadata request sent by controller 0 epoch 1 with correlation id 10 (state.change.logger)
[2021-07-23 13:07:14,304] INFO [Controller id=0 epoch=1] Changed partition wordcount-KSTREAM-AGGREGATE-STATE-STORE-0000000004-changelog-0 state from NonExistentPartition to NewPartition with assigned replicas 0 (state.change.logger)
[2021-07-23 13:07:14,304] INFO [Controller id=0 epoch=1] Sending UpdateMetadata request to brokers HashSet() for 0 partitions (state.change.logger)
[2021-07-23 13:07:14,305] INFO [Controller id=0 epoch=1] Sending UpdateMetadata request to brokers HashSet() for 0 partitions (state.change.logger)
[2021-07-23 13:07:14,312] INFO [Controller id=0 epoch=1] Changed partition wordcount-KSTREAM-AGGREGATE-STATE-STORE-0000000004-changelog-0 from NewPartition to OnlinePartition with state LeaderAndIsr(leader=0, leaderEpoch=0, isr=List(0), zkVersion=0) (state.change.logger)
[2021-07-23 13:07:14,312] INFO [Controller id=0 epoch=1] Sending LeaderAndIsr request to broker 0 with 1 become-leader and 0 become-follower partitions (state.change.logger)
[2021-07-23 13:07:14,312] INFO [Controller id=0 epoch=1] Sending UpdateMetadata request to brokers HashSet(0) for 1 partitions (state.change.logger)
[2021-07-23 13:07:14,313] INFO [Controller id=0 epoch=1] Sending UpdateMetadata request to brokers HashSet() for 0 partitions (state.change.logger)
[2021-07-23 13:07:14,313] INFO [Broker id=0] Handling LeaderAndIsr request correlationId 11 from controller 0 for 1 partitions (state.change.logger)
[2021-07-23 13:07:14,315] INFO [Broker id=0] Stopped fetchers as part of LeaderAndIsr request correlationId 11 from controller 0 epoch 1 as part of the become-leader transition for 1 partitions (state.change.logger)
[2021-07-23 13:07:14,392] INFO [Broker id=0] Leader wordcount-KSTREAM-AGGREGATE-STATE-STORE-0000000004-changelog-0 starts at leader epoch 0 from offset 0 with high watermark 0 ISR [0] addingReplicas [] removingReplicas []. Previous leader epoch was -1. (state.change.logger)
[2021-07-23 13:07:14,498] INFO [Broker id=0] Finished LeaderAndIsr request in 185ms correlationId 11 from controller 0 for 1 partitions (state.change.logger)
[2021-07-23 13:07:14,500] INFO [Broker id=0] Add 1 partitions and deleted 0 partitions from metadata cache in response to UpdateMetadata request sent by controller 0 epoch 1 with correlation id 12 (state.change.logger)
